build/app/intermediates/manifest_merge_blame_file/release/manifest-merger-blame-release-report.txt
1<?xml version="1.0" encoding="utf-8"?>
2<manifest xmlns:android="http://schemas.android.com/apk/res/android"
3    package="com.example.screw"
4    android:versionCode="1"
5    android:versionName="1.0.0" >
6
7    <uses-sdk
8        android:minSdkVersion="21"
8-->src\main\AndroidManifest.xml
9        android:targetSdkVersion="33" />
9-->src\main\AndroidManifest.xml
10
11    <uses-permission android:name="android.permission.INTERNET" />
11-->[com.google.firebase:firebase-auth:22.1.0] AndroidManifest.xml:25:5-67
11-->[com.google.firebase:firebase-auth:22.1.0] AndroidManifest.xml:25:22-64
12    <uses-permission android:name="android.permission.ACCESS_NETWORK_STATE" />
12-->[com.google.firebase:firebase-auth:22.1.0] AndroidManifest.xml:26:5-79
12-->[com.google.firebase:firebase-auth:22.1.0] AndroidManifest.xml:26:22-76
13
14    <permission
14-->[androidx.core:core:1.10.1] AndroidManifest.xml:22:5-24:47
15        android:name="com.example.screw.DYNAMIC_RECEIVER_NOT_EXPORTED_PERMISSION"
15-->[androidx.core:core:1.10.1] AndroidManifest.xml:23:9-81
16        android:protectionLevel="signature" />
16-->[androidx.core:core:1.10.1] AndroidManifest.xml:24:9-44
17
18    <uses-permission android:name="com.example.screw.DYNAMIC_RECEIVER_NOT_EXPORTED_PERMISSION" />
18-->[androidx.core:core:1.10.1] AndroidManifest.xml:26:5-97
18-->[androidx.core:core:1.10.1] AndroidManifest.xml:26:22-94
19
20    <application
21        android:name="android.app.Application"
21-->src\main\AndroidManifest.xml:4:9-42
22        android:appComponentFactory="androidx.core.app.CoreComponentFactory"
22-->[androidx.core:core:1.10.1] AndroidManifest.xml:28:18-86
23        android:icon="@mipmap/ic_launcher"
23-->src\main\AndroidManifest.xml:5:9-43
24        android:label="PasDeDeux" >
24-->src\main\AndroidManifest.xml:3:9-34
25        <activity
25-->src\main\AndroidManifest.xml:6:9-26:20
26            android:name="com.example.screw.MainActivity"
26-->src\main\AndroidManifest.xml:7:13-41
27            android:configChanges="orientation|keyboardHidden|keyboard|screenSize|smallestScreenSize|locale|layoutDirection|fontScale|screenLayout|density|uiMode"
27-->src\main\AndroidManifest.xml:11:13-163
28            android:exported="true"
28-->src\main\AndroidManifest.xml:8:13-36
29            android:hardwareAccelerated="true"
29-->src\main\AndroidManifest.xml:12:13-47
30            android:launchMode="singleTop"
30-->src\main\AndroidManifest.xml:9:13-43
31            android:theme="@style/LaunchTheme"
31-->src\main\AndroidManifest.xml:10:13-47
32            android:windowSoftInputMode="adjustResize" >
32-->src\main\AndroidManifest.xml:13:13-55
33
34            <!--
35                 Specifies an Android theme to apply to this Activity as soon as
36                 the Android process has started. This theme is visible to the user
37                 while the Flutter UI initializes. After that, this theme continues
38                 to determine the Window background behind the Flutter UI.
39            -->
40            <meta-data
40-->src\main\AndroidManifest.xml:18:13-21:17
41                android:name="io.flutter.embedding.android.NormalTheme"
41-->src\main\AndroidManifest.xml:19:15-70
42                android:resource="@style/NormalTheme" />
42-->src\main\AndroidManifest.xml:20:15-52
43
44            <intent-filter>
44-->src\main\AndroidManifest.xml:22:13-25:29
45                <action android:name="android.intent.action.MAIN" />
45-->src\main\AndroidManifest.xml:23:17-68
45-->src\main\AndroidManifest.xml:23:25-66
46
47                <category android:name="android.intent.category.LAUNCHER" />
47-->src\main\AndroidManifest.xml:24:17-76
47-->src\main\AndroidManifest.xml:24:27-74
48            </intent-filter>
49        </activity>
50        <!--
51             Don't delete the meta-data below.
52             This is used by the Flutter tool to generate GeneratedPluginRegistrant.java
53        -->
54        <meta-data
54-->src\main\AndroidManifest.xml:29:9-31:33
55            android:name="flutterEmbedding"
55-->src\main\AndroidManifest.xml:30:13-44
56            android:value="2" />
56-->src\main\AndroidManifest.xml:31:13-30
57
58        <service
58-->[:firebase_auth] AndroidManifest.xml:10:9-14:19
59            android:name="com.google.firebase.components.ComponentDiscoveryService"
59-->[:firebase_auth] AndroidManifest.xml:10:18-89
60            android:directBootAware="true"
60-->[com.google.firebase:firebase-common:20.3.3] AndroidManifest.xml:34:13-43
61            android:exported="false" >
61-->[com.google.firebase:firebase-auth:22.1.0] AndroidManifest.xml:68:13-37
62            <meta-data
62-->[:firebase_auth] AndroidManifest.xml:11:13-13:85
63                android:name="com.google.firebase.components:io.flutter.plugins.firebase.auth.FlutterFirebaseAuthRegistrar"
63-->[:firebase_auth] AndroidManifest.xml:12:17-124
64                android:value="com.google.firebase.components.ComponentRegistrar" />
64-->[:firebase_auth] AndroidManifest.xml:13:17-82
65            <meta-data
65-->[:firebase_storage] AndroidManifest.xml:11:13-13:85
66                android:name="com.google.firebase.components:io.flutter.plugins.firebase.storage.FlutterFirebaseAppRegistrar"
66-->[:firebase_storage] AndroidManifest.xml:12:17-126
67                android:value="com.google.firebase.components.ComponentRegistrar" />
67-->[:firebase_storage] AndroidManifest.xml:13:17-82
68            <meta-data
68-->[:cloud_firestore] AndroidManifest.xml:11:13-13:85
69                android:name="com.google.firebase.components:io.flutter.plugins.firebase.firestore.FlutterFirebaseFirestoreRegistrar"
69-->[:cloud_firestore] AndroidManifest.xml:12:17-134
70                android:value="com.google.firebase.components.ComponentRegistrar" />
70-->[:cloud_firestore] AndroidManifest.xml:13:17-82
71            <meta-data
71-->[:firebase_core] AndroidManifest.xml:11:13-13:85
72                android:name="com.google.firebase.components:io.flutter.plugins.firebase.core.FlutterFirebaseCoreRegistrar"
72-->[:firebase_core] AndroidManifest.xml:12:17-124
73                android:value="com.google.firebase.components.ComponentRegistrar" />
73-->[:firebase_core] AndroidManifest.xml:13:17-82
74            <meta-data
74-->[com.google.firebase:firebase-auth:22.1.0] AndroidManifest.xml:69:13-71:85
75                android:name="com.google.firebase.components:com.google.firebase.auth.FirebaseAuthRegistrar"
75-->[com.google.firebase:firebase-auth:22.1.0] AndroidManifest.xml:70:17-109
76                android:value="com.google.firebase.components.ComponentRegistrar" />
76-->[com.google.firebase:firebase-auth:22.1.0] AndroidManifest.xml:71:17-82
77            <meta-data
77-->[com.google.firebase:firebase-storage:20.2.1] AndroidManifest.xml:32:13-34:85
78                android:name="com.google.firebase.components:com.google.firebase.storage.StorageRegistrar"
78-->[com.google.firebase:firebase-storage:20.2.1] AndroidManifest.xml:33:17-107
79                android:value="com.google.firebase.components.ComponentRegistrar" />
79-->[com.google.firebase:firebase-storage:20.2.1] AndroidManifest.xml:34:17-82
80            <meta-data
80-->[com.google.firebase:firebase-firestore:24.7.0] AndroidManifest.xml:19:13-21:85
81                android:name="com.google.firebase.components:com.google.firebase.firestore.FirestoreRegistrar"
81-->[com.google.firebase:firebase-firestore:24.7.0] AndroidManifest.xml:20:17-111
82                android:value="com.google.firebase.components.ComponentRegistrar" />
82-->[com.google.firebase:firebase-firestore:24.7.0] AndroidManifest.xml:21:17-82
83        </service>
84
85        <provider
85-->[:image_picker_android] AndroidManifest.xml:10:9-18:20
86            android:name="io.flutter.plugins.imagepicker.ImagePickerFileProvider"
86-->[:image_picker_android] AndroidManifest.xml:11:13-82
87            android:authorities="com.example.screw.flutter.image_provider"
87-->[:image_picker_android] AndroidManifest.xml:12:13-74
88            android:exported="false"
88-->[:image_picker_android] AndroidManifest.xml:13:13-37
89            android:grantUriPermissions="true" >
89-->[:image_picker_android] AndroidManifest.xml:14:13-47
90            <meta-data
90-->[:image_picker_android] AndroidManifest.xml:15:13-17:75
91                android:name="android.support.FILE_PROVIDER_PATHS"
91-->[:image_picker_android] AndroidManifest.xml:16:17-67
92                android:resource="@xml/flutter_image_picker_file_paths" />
92-->[:image_picker_android] AndroidManifest.xml:17:17-72
93        </provider>
94
95        <activity
95-->[:url_launcher_android] AndroidManifest.xml:10:9-13:74
96            android:name="io.flutter.plugins.urllauncher.WebViewActivity"
96-->[:url_launcher_android] AndroidManifest.xml:11:13-74
97            android:exported="false"
97-->[:url_launcher_android] AndroidManifest.xml:12:13-37
98            android:theme="@android:style/Theme.NoTitleBar.Fullscreen" />
98-->[:url_launcher_android] AndroidManifest.xml:13:13-71
99        <activity
99-->[com.google.firebase:firebase-auth:22.1.0] AndroidManifest.xml:29:9-46:20
100            android:name="com.google.firebase.auth.internal.GenericIdpActivity"
100-->[com.google.firebase:firebase-auth:22.1.0] AndroidManifest.xml:30:13-80
101            android:excludeFromRecents="true"
101-->[com.google.firebase:firebase-auth:22.1.0] AndroidManifest.xml:31:13-46
102            android:exported="true"
102-->[com.google.firebase:firebase-auth:22.1.0] AndroidManifest.xml:32:13-36
103            android:launchMode="singleTask"
103-->[com.google.firebase:firebase-auth:22.1.0] AndroidManifest.xml:33:13-44
104            android:theme="@android:style/Theme.Translucent.NoTitleBar" >
104-->[com.google.firebase:firebase-auth:22.1.0] AndroidManifest.xml:34:13-72
105            <intent-filter>
105-->[com.google.firebase:firebase-auth:22.1.0] AndroidManifest.xml:35:13-45:29
106                <action android:name="android.intent.action.VIEW" />
106-->[com.google.firebase:firebase-auth:22.1.0] AndroidManifest.xml:36:17-69
106-->[com.google.firebase:firebase-auth:22.1.0] AndroidManifest.xml:36:25-66
107
108                <category android:name="android.intent.category.DEFAULT" />
108-->[com.google.firebase:firebase-auth:22.1.0] AndroidManifest.xml:38:17-76
108-->[com.google.firebase:firebase-auth:22.1.0] AndroidManifest.xml:38:27-73
109                <category android:name="android.intent.category.BROWSABLE" />
109-->[com.google.firebase:firebase-auth:22.1.0] AndroidManifest.xml:39:17-78
109-->[com.google.firebase:firebase-auth:22.1.0] AndroidManifest.xml:39:27-75
110
111                <data
111-->[com.google.firebase:firebase-auth:22.1.0] AndroidManifest.xml:41:17-44:51
112                    android:host="firebase.auth"
112-->[com.google.firebase:firebase-auth:22.1.0] AndroidManifest.xml:42:21-49
113                    android:path="/"
113-->[com.google.firebase:firebase-auth:22.1.0] AndroidManifest.xml:43:21-37
114                    android:scheme="genericidp" />
114-->[com.google.firebase:firebase-auth:22.1.0] AndroidManifest.xml:44:21-48
115            </intent-filter>
116        </activity>
117        <activity
117-->[com.google.firebase:firebase-auth:22.1.0] AndroidManifest.xml:47:9-64:20
118            android:name="com.google.firebase.auth.internal.RecaptchaActivity"
118-->[com.google.firebase:firebase-auth:22.1.0] AndroidManifest.xml:48:13-79
119            android:excludeFromRecents="true"
119-->[com.google.firebase:firebase-auth:22.1.0] AndroidManifest.xml:49:13-46
120            android:exported="true"
120-->[com.google.firebase:firebase-auth:22.1.0] AndroidManifest.xml:50:13-36
121            android:launchMode="singleTask"
121-->[com.google.firebase:firebase-auth:22.1.0] AndroidManifest.xml:51:13-44
122            android:theme="@android:style/Theme.Translucent.NoTitleBar" >
122-->[com.google.firebase:firebase-auth:22.1.0] AndroidManifest.xml:52:13-72
123            <intent-filter>
123-->[com.google.firebase:firebase-auth:22.1.0] AndroidManifest.xml:53:13-63:29
124                <action android:name="android.intent.action.VIEW" />
124-->[com.google.firebase:firebase-auth:22.1.0] AndroidManifest.xml:36:17-69
124-->[com.google.firebase:firebase-auth:22.1.0] AndroidManifest.xml:36:25-66
125
126                <category android:name="android.intent.category.DEFAULT" />
126-->[com.google.firebase:firebase-auth:22.1.0] AndroidManifest.xml:38:17-76
126-->[com.google.firebase:firebase-auth:22.1.0] AndroidManifest.xml:38:27-73
127                <category android:name="android.intent.category.BROWSABLE" />
127-->[com.google.firebase:firebase-auth:22.1.0] AndroidManifest.xml:39:17-78
127-->[com.google.firebase:firebase-auth:22.1.0] AndroidManifest.xml:39:27-75
128
129                <data
129-->[com.google.firebase:firebase-auth:22.1.0] AndroidManifest.xml:41:17-44:51
130                    android:host="firebase.auth"
130-->[com.google.firebase:firebase-auth:22.1.0] AndroidManifest.xml:42:21-49
131                    android:path="/"
131-->[com.google.firebase:firebase-auth:22.1.0] AndroidManifest.xml:43:21-37
132                    android:scheme="recaptcha" />
132-->[com.google.firebase:firebase-auth:22.1.0] AndroidManifest.xml:44:21-48
133            </intent-filter>
134        </activity>
135
136        <provider
136-->[com.google.firebase:firebase-common:20.3.3] AndroidManifest.xml:25:9-30:39
137            android:name="com.google.firebase.provider.FirebaseInitProvider"
137-->[com.google.firebase:firebase-common:20.3.3] AndroidManifest.xml:26:13-77
138            android:authorities="com.example.screw.firebaseinitprovider"
138-->[com.google.firebase:firebase-common:20.3.3] AndroidManifest.xml:27:13-72
139            android:directBootAware="true"
139-->[com.google.firebase:firebase-common:20.3.3] AndroidManifest.xml:28:13-43
140            android:exported="false"
140-->[com.google.firebase:firebase-common:20.3.3] AndroidManifest.xml:29:13-37
141            android:initOrder="100" />
141-->[com.google.firebase:firebase-common:20.3.3] AndroidManifest.xml:30:13-36
142
143        <activity
143-->[com.google.android.gms:play-services-base:18.0.1] AndroidManifest.xml:20:9-22:45
144            android:name="com.google.android.gms.common.api.GoogleApiActivity"
144-->[com.google.android.gms:play-services-base:18.0.1] AndroidManifest.xml:20:19-85
145            android:exported="false"
145-->[com.google.android.gms:play-services-base:18.0.1] AndroidManifest.xml:22:19-43
146            android:theme="@android:style/Theme.Translucent.NoTitleBar" />
146-->[com.google.android.gms:play-services-base:18.0.1] AndroidManifest.xml:21:19-78
147
148        <meta-data
148-->[com.google.android.gms:play-services-basement:18.1.0] AndroidManifest.xml:21:9-23:69
149            android:name="com.google.android.gms.version"
149-->[com.google.android.gms:play-services-basement:18.1.0] AndroidManifest.xml:22:13-58
150            android:value="@integer/google_play_services_version" />
150-->[com.google.android.gms:play-services-basement:18.1.0] AndroidManifest.xml:23:13-66
151
152        <uses-library
152-->[androidx.window:window:1.0.0-beta04] AndroidManifest.xml:25:9-27:40
153            android:name="androidx.window.extensions"
153-->[androidx.window:window:1.0.0-beta04] AndroidManifest.xml:26:13-54
154            android:required="false" />
154-->[androidx.window:window:1.0.0-beta04] AndroidManifest.xml:27:13-37
155        <uses-library
155-->[androidx.window:window:1.0.0-beta04] AndroidManifest.xml:28:9-30:40
156            android:name="androidx.window.sidecar"
156-->[androidx.window:window:1.0.0-beta04] AndroidManifest.xml:29:13-51
157            android:required="false" />
157-->[androidx.window:window:1.0.0-beta04] AndroidManifest.xml:30:13-37
158
159        <provider
159-->[androidx.profileinstaller:profileinstaller:1.3.0] AndroidManifest.xml:24:9-32:20
160            android:name="androidx.startup.InitializationProvider"
160-->[androidx.profileinstaller:profileinstaller:1.3.0] AndroidManifest.xml:25:13-67
161            android:authorities="com.example.screw.androidx-startup"
161-->[androidx.profileinstaller:profileinstaller:1.3.0] AndroidManifest.xml:26:13-68
162            android:exported="false" >
162-->[androidx.profileinstaller:profileinstaller:1.3.0] AndroidManifest.xml:27:13-37
163            <meta-data
163-->[androidx.profileinstaller:profileinstaller:1.3.0] AndroidManifest.xml:29:13-31:52
164                android:name="androidx.profileinstaller.ProfileInstallerInitializer"
164-->[androidx.profileinstaller:profileinstaller:1.3.0] AndroidManifest.xml:30:17-85
165                android:value="androidx.startup" />
165-->[androidx.profileinstaller:profileinstaller:1.3.0] AndroidManifest.xml:31:17-49
166        </provider>
167
168        <receiver
168-->[androidx.profileinstaller:profileinstaller:1.3.0] AndroidManifest.xml:34:9-52:20
169            android:name="androidx.profileinstaller.ProfileInstallReceiver"
169-->[androidx.profileinstaller:profileinstaller:1.3.0] AndroidManifest.xml:35:13-76
170            android:directBootAware="false"
170-->[androidx.profileinstaller:profileinstaller:1.3.0] AndroidManifest.xml:36:13-44
171            android:enabled="true"
171-->[androidx.profileinstaller:profileinstaller:1.3.0] AndroidManifest.xml:37:13-35
172            android:exported="true"
172-->[androidx.profileinstaller:profileinstaller:1.3.0] AndroidManifest.xml:38:13-36
173            android:permission="android.permission.DUMP" >
173-->[androidx.profileinstaller:profileinstaller:1.3.0] AndroidManifest.xml:39:13-57
174            <intent-filter>
174-->[androidx.profileinstaller:profileinstaller:1.3.0] AndroidManifest.xml:40:13-42:29
175                <action android:name="androidx.profileinstaller.action.INSTALL_PROFILE" />
175-->[androidx.profileinstaller:profileinstaller:1.3.0] AndroidManifest.xml:41:17-91
175-->[androidx.profileinstaller:profileinstaller:1.3.0] AndroidManifest.xml:41:25-88
176            </intent-filter>
177            <intent-filter>
177-->[androidx.profileinstaller:profileinstaller:1.3.0] AndroidManifest.xml:43:13-45:29
178                <action android:name="androidx.profileinstaller.action.SKIP_FILE" />
178-->[androidx.profileinstaller:profileinstaller:1.3.0] AndroidManifest.xml:44:17-85
178-->[androidx.profileinstaller:profileinstaller:1.3.0] AndroidManifest.xml:44:25-82
179            </intent-filter>
180            <intent-filter>
180-->[androidx.profileinstaller:profileinstaller:1.3.0] AndroidManifest.xml:46:13-48:29
181                <action android:name="androidx.profileinstaller.action.SAVE_PROFILE" />
181-->[androidx.profileinstaller:profileinstaller:1.3.0] AndroidManifest.xml:47:17-88
181-->[androidx.profileinstaller:profileinstaller:1.3.0] AndroidManifest.xml:47:25-85
182            </intent-filter>
183            <intent-filter>
183-->[androidx.profileinstaller:profileinstaller:1.3.0] AndroidManifest.xml:49:13-51:29
184                <action android:name="androidx.profileinstaller.action.BENCHMARK_OPERATION" />
184-->[androidx.profileinstaller:profileinstaller:1.3.0] AndroidManifest.xml:50:17-95
184-->[androidx.profileinstaller:profileinstaller:1.3.0] AndroidManifest.xml:50:25-92
185            </intent-filter>
186        </receiver>
187    </application>
188
189</manifest>